lerna(info)    Lerna v2.0.0-rc.1
lerna(verbose) GitUtilities.isInitialized    (".")
lerna(verbose) GitUtilities.isInitialized    (".") => true
lerna(verbose) FileSystemUtilities.existsSync("./VERSION")
lerna(verbose) FileSystemUtilities.existsSync("./VERSION") => false
lerna(verbose) Attempting running BootstrapCommand.initialize
lerna(verbose) Successfully ran BootstrapCommand.initialize
lerna(verbose) Attempting running BootstrapCommand.execute
lerna(info)    Bootstrapping 25 packages
lerna(info)    Preinstalling packages
lerna(info)    Installing external dependencies
lerna(verbose) NpmUtilities.installInDir     ("./electrode-ota-server-util-dev", ["babel-preset-env@^1.3.3"], {})
lerna(verbose) FileSystemUtilities.rename    ("./electrode-ota-server-util-dev/package.json", "./electrode-ota-server-util-dev/package.json.lerna_...)
lerna(verbose) NpmUtilities.installInDir     ("./electrode-ota-server-default-config", ["electrode-ota-server-model-acquisition@1.0.0"], {})
lerna(verbose) FileSystemUtilities.rename    ("./electrode-ota-server-default-config/package.json", "./electrode-ota-server-default-config/package...)
lerna(verbose) FileSystemUtilities.rename    ("./electrode-ota-server-util-dev/package.json", "./electrode-ota-server-util-dev/package.json.lerna_...) => 
lerna(verbose) FileSystemUtilities.rename    ("./electrode-ota-server-default-config/package.json", "./electrode-ota-server-default-config/package...) => 
lerna(verbose) FileSystemUtilities.renameSync("./electrode-ota-server-default-config/package.json.lerna_backup", "./electrode-ota-server-default-c...)
lerna(verbose) FileSystemUtilities.renameSync("./electrode-ota-server-default-config/package.json.lerna_backup", "./electrode-ota-server-default-c...) => 
lerna(error)   NpmUtilities.installInDir     ("./electrode-ota-server-default-config", ["electrode-ota-server-model-acquisition@1.0.0"], {})
    Command exited with status 1: npm install
lerna(error)   Errored while running BootstrapCommand.execute
