Arguments: 
  /Users/c0s03o1/.nvm/versions/node/v10.16.0/bin/node /Users/c0s03o1/.nvm/versions/node/v10.16.0/bin/yarn install --mutex network:42424 --non-interactive

PATH: 
  /Users/c0s03o1/Documents/Projects/Workspace/ota/electrode-ota-server/electrode-ota-server-routes-acquisition/node_modules/.bin:/Users/c0s03o1/Documents/Projects/Workspace/ota/electrode-ota-server/node_modules/.bin:/Users/c0s03o1/Documents/Projects/Workspace/ota/node_modules/.bin:/Users/c0s03o1/Documents/Projects/Workspace/node_modules/.bin:/Users/c0s03o1/Documents/Projects/node_modules/.bin:/Users/c0s03o1/Documents/node_modules/.bin:/Users/c0s03o1/node_modules/.bin:/Users/node_modules/.bin:/node_modules/.bin:/Users/c0s03o1/.nvm/versions/node/v10.16.0/bin:/Users/c0s03o1/.pyenv/plugins/pyenv-virtualenv/shims:/Users/c0s03o1/.pyenv/shims:/Users/c0s03o1/.pyenv/bin:/Users/c0s03o1/.nvm/versions/node/v10.16.0/bin:/usr/local/bin:/usr/bin:/bin:/usr/sbin:/sbin

Yarn version: 
  1.22.4

Node version: 
  10.16.0

Platform: 
  darwin x64

Trace: 
  Error: unable to get local issuer certificate
      at TLSSocket.onConnectSecure (_tls_wrap.js:1055:34)
      at TLSSocket.emit (events.js:198:13)
      at TLSSocket._finishInit (_tls_wrap.js:633:8)

npm manifest: 
  {
  	"name": "electrode-ota-server-routes-acquisition",
  	"version": "4.7.2",
  	"main": "lib/index.js",
  	"dependencies": {
  		"lodash": "^4.17.20"
  	}
  }

yarn manifest: 
  No manifest

Lockfile: 
  No lockfile
